0 info it worked if it ends with ok
1 verbose cli [ 'node',
1 verbose cli   '/usr/bin/npm',
1 verbose cli   'install',
1 verbose cli   '-g',
1 verbose cli   'foundation-cli',
1 verbose cli   'bower',
1 verbose cli   'gulp' ]
2 info using npm@2.8.3
3 info using node@v0.10.37
4 verbose node symlink /usr/bin/node
5 verbose install initial load of /usr/lib/package.json
6 verbose readDependencies loading dependencies from /usr/lib/package.json
7 silly cache add args [ 'foundation-cli', null ]
8 verbose cache add spec foundation-cli
9 silly cache add args [ 'bower', null ]
10 verbose cache add spec bower
11 silly cache add args [ 'gulp', null ]
12 verbose cache add spec gulp
13 silly cache add parsed spec { raw: 'foundation-cli',
13 silly cache add   scope: null,
13 silly cache add   name: 'foundation-cli',
13 silly cache add   rawSpec: '',
13 silly cache add   spec: '*',
13 silly cache add   type: 'range' }
14 silly addNamed foundation-cli@*
15 verbose addNamed "*" is a valid semver range for foundation-cli
16 silly addNameRange { name: 'foundation-cli', range: '*', hasData: false }
17 silly mapToRegistry name foundation-cli
18 silly mapToRegistry using default registry
19 silly mapToRegistry registry https://registry.npmjs.org/
20 silly mapToRegistry uri https://registry.npmjs.org/foundation-cli
21 verbose addNameRange registry:https://registry.npmjs.org/foundation-cli not in flight; fetching
22 silly cache add parsed spec { raw: 'bower',
22 silly cache add   scope: null,
22 silly cache add   name: 'bower',
22 silly cache add   rawSpec: '',
22 silly cache add   spec: '*',
22 silly cache add   type: 'range' }
23 silly addNamed bower@*
24 verbose addNamed "*" is a valid semver range for bower
25 silly addNameRange { name: 'bower', range: '*', hasData: false }
26 silly mapToRegistry name bower
27 silly mapToRegistry using default registry
28 silly mapToRegistry registry https://registry.npmjs.org/
29 silly mapToRegistry uri https://registry.npmjs.org/bower
30 verbose addNameRange registry:https://registry.npmjs.org/bower not in flight; fetching
31 silly cache add parsed spec { raw: 'gulp',
31 silly cache add   scope: null,
31 silly cache add   name: 'gulp',
31 silly cache add   rawSpec: '',
31 silly cache add   spec: '*',
31 silly cache add   type: 'range' }
32 silly addNamed gulp@*
33 verbose addNamed "*" is a valid semver range for gulp
34 silly addNameRange { name: 'gulp', range: '*', hasData: false }
35 silly mapToRegistry name gulp
36 silly mapToRegistry using default registry
37 silly mapToRegistry registry https://registry.npmjs.org/
38 silly mapToRegistry uri https://registry.npmjs.org/gulp
39 verbose addNameRange registry:https://registry.npmjs.org/gulp not in flight; fetching
40 verbose request uri https://registry.npmjs.org/foundation-cli
41 verbose request no auth needed
42 info attempt registry request try #1 at 22:48:25
43 verbose request id 23eb2a6494bc140c
44 http request GET https://registry.npmjs.org/foundation-cli
45 verbose request uri https://registry.npmjs.org/bower
46 verbose request no auth needed
47 info attempt registry request try #1 at 22:48:25
48 http request GET https://registry.npmjs.org/bower
49 verbose request uri https://registry.npmjs.org/gulp
50 verbose request no auth needed
51 info attempt registry request try #1 at 22:48:25
52 http request GET https://registry.npmjs.org/gulp
53 http 200 https://registry.npmjs.org/bower
54 silly get cb [ 200,
54 silly get   { server: 'CouchDB/1.5.0 (Erlang OTP/R16B03)',
54 silly get     etag: '"AKRWNAOS5HHTK72EAN0R17DT9"',
54 silly get     'content-type': 'application/json',
54 silly get     'cache-control': 'max-age=60',
54 silly get     'content-length': '111911',
54 silly get     'accept-ranges': 'bytes',
54 silly get     date: 'Sun, 10 May 2015 20:48:25 GMT',
54 silly get     via: '1.1 varnish',
54 silly get     age: '44',
54 silly get     connection: 'keep-alive',
54 silly get     'x-served-by': 'cache-fra1241-FRA',
54 silly get     'x-cache': 'HIT',
54 silly get     'x-cache-hits': '4',
54 silly get     'x-timer': 'S1431290905.975289,VS0,VE0',
54 silly get     vary: 'Accept' } ]
55 verbose get saving bower to /home/paweltar/.npm/registry.npmjs.org/bower/.cache.json
56 silly addNameRange number 2 { name: 'bower', range: '*', hasData: true }
57 silly addNameRange versions [ 'bower',
57 silly addNameRange   [ '0.1.0',
57 silly addNameRange     '0.1.2',
57 silly addNameRange     '0.1.3',
57 silly addNameRange     '0.2.0',
57 silly addNameRange     '0.3.0',
57 silly addNameRange     '0.3.1',
57 silly addNameRange     '0.3.2',
57 silly addNameRange     '0.4.0',
57 silly addNameRange     '0.5.0',
57 silly addNameRange     '0.5.1',
57 silly addNameRange     '0.6.0',
57 silly addNameRange     '0.6.1',
57 silly addNameRange     '0.6.2',
57 silly addNameRange     '0.6.3',
57 silly addNameRange     '0.6.4',
57 silly addNameRange     '0.6.5',
57 silly addNameRange     '0.6.6',
57 silly addNameRange     '0.6.7',
57 silly addNameRange     '0.6.8',
57 silly addNameRange     '0.7.0',
57 silly addNameRange     '0.7.1',
57 silly addNameRange     '0.8.0',
57 silly addNameRange     '0.8.1',
57 silly addNameRange     '0.8.2',
57 silly addNameRange     '0.8.3',
57 silly addNameRange     '0.8.4',
57 silly addNameRange     '0.8.5',
57 silly addNameRange     '0.8.6',
57 silly addNameRange     '0.9.0',
57 silly addNameRange     '0.9.1',
57 silly addNameRange     '0.9.2',
57 silly addNameRange     '0.10.0',
57 silly addNameRange     '1.0.0',
57 silly addNameRange     '1.0.1',
57 silly addNameRange     '1.0.2',
57 silly addNameRange     '1.0.3',
57 silly addNameRange     '1.1.0',
57 silly addNameRange     '1.1.1',
57 silly addNameRange     '1.1.2',
57 silly addNameRange     '1.2.0',
57 silly addNameRange     '1.2.1',
57 silly addNameRange     '1.2.2',
57 silly addNameRange     '1.2.3',
57 silly addNameRange     '1.2.4',
57 silly addNameRange     '1.2.5',
57 silly addNameRange     '1.2.6',
57 silly addNameRange     '1.2.7',
57 silly addNameRange     '1.2.8',
57 silly addNameRange     '1.3.0',
57 silly addNameRange     '1.3.1',
57 silly addNameRange     '1.3.2',
57 silly addNameRange     '1.3.3',
57 silly addNameRange     '1.3.4',
57 silly addNameRange     '1.3.5',
57 silly addNameRange     '1.3.6',
57 silly addNameRange     '1.3.7',
57 silly addNameRange     '1.3.8',
57 silly addNameRange     '1.3.9',
57 silly addNameRange     '1.3.10',
57 silly addNameRange     '1.3.11',
57 silly addNameRange     '1.3.12',
57 silly addNameRange     '1.4.0',
57 silly addNameRange     '1.4.1' ] ]
58 silly addNamed bower@1.4.1
59 verbose addNamed "1.4.1" is a plain semver version for bower
60 silly mapToRegistry name bower
61 silly mapToRegistry using default registry
62 silly mapToRegistry registry https://registry.npmjs.org/
63 silly mapToRegistry uri https://registry.npmjs.org/bower
64 verbose addRemoteTarball https://registry.npmjs.org/bower/-/bower-1.4.1.tgz not in flight; adding
65 verbose addRemoteTarball [ 'https://registry.npmjs.org/bower/-/bower-1.4.1.tgz',
65 verbose addRemoteTarball   'a18be39d030792754f30f1c5b32d37b0156ba8dd' ]
66 info retry fetch attempt 1 at 22:48:25
67 info attempt registry request try #1 at 22:48:25
68 http fetch GET https://registry.npmjs.org/bower/-/bower-1.4.1.tgz
69 http 200 https://registry.npmjs.org/foundation-cli
70 silly get cb [ 200,
70 silly get   { server: 'CouchDB/1.5.0 (Erlang OTP/R16B03)',
70 silly get     etag: '"4P0UPV5QM014QUQS0198GAAHK"',
70 silly get     'content-type': 'application/json',
70 silly get     'cache-control': 'max-age=60',
70 silly get     'content-length': '14199',
70 silly get     'accept-ranges': 'bytes',
70 silly get     date: 'Sun, 10 May 2015 20:48:26 GMT',
70 silly get     via: '1.1 varnish',
70 silly get     age: '0',
70 silly get     connection: 'keep-alive',
70 silly get     'x-served-by': 'cache-fra1241-FRA',
70 silly get     'x-cache': 'MISS',
70 silly get     'x-cache-hits': '0',
70 silly get     'x-timer': 'S1431290905.978605,VS0,VE459',
70 silly get     vary: 'Accept' } ]
71 verbose get saving foundation-cli to /home/paweltar/.npm/registry.npmjs.org/foundation-cli/.cache.json
72 silly addNameRange number 2 { name: 'foundation-cli', range: '*', hasData: true }
73 silly addNameRange versions [ 'foundation-cli',
73 silly addNameRange   [ '0.1.0',
73 silly addNameRange     '0.2.0',
73 silly addNameRange     '1.0.0-rc.1',
73 silly addNameRange     '1.0.0',
73 silly addNameRange     '1.0.1',
73 silly addNameRange     '1.0.2',
73 silly addNameRange     '1.0.3',
73 silly addNameRange     '1.0.4',
73 silly addNameRange     '1.1.0',
73 silly addNameRange     '1.1.1' ] ]
74 silly addNamed foundation-cli@1.1.1
75 verbose addNamed "1.1.1" is a plain semver version for foundation-cli
76 silly mapToRegistry name foundation-cli
77 silly mapToRegistry using default registry
78 silly mapToRegistry registry https://registry.npmjs.org/
79 silly mapToRegistry uri https://registry.npmjs.org/foundation-cli
80 verbose addRemoteTarball https://registry.npmjs.org/foundation-cli/-/foundation-cli-1.1.1.tgz not in flight; adding
81 verbose addRemoteTarball [ 'https://registry.npmjs.org/foundation-cli/-/foundation-cli-1.1.1.tgz',
81 verbose addRemoteTarball   '7fad96a44a73bcd3e00f7f7e8e4562231b546544' ]
82 info retry fetch attempt 1 at 22:48:25
83 info attempt registry request try #1 at 22:48:25
84 http fetch GET https://registry.npmjs.org/foundation-cli/-/foundation-cli-1.1.1.tgz
85 http fetch 200 https://registry.npmjs.org/bower/-/bower-1.4.1.tgz
86 http 200 https://registry.npmjs.org/gulp
87 silly get cb [ 200,
87 silly get   { server: 'CouchDB/1.5.0 (Erlang OTP/R16B03)',
87 silly get     etag: '"C3FZ5VL4NK9DIVN56VEMF0U3V"',
87 silly get     'content-type': 'application/json',
87 silly get     'cache-control': 'max-age=60',
87 silly get     'content-length': '101499',
87 silly get     'accept-ranges': 'bytes',
87 silly get     date: 'Sun, 10 May 2015 20:48:25 GMT',
87 silly get     via: '1.1 varnish',
87 silly get     age: '4',
87 silly get     connection: 'keep-alive',
87 silly get     'x-served-by': 'cache-fra1246-FRA',
87 silly get     'x-cache': 'HIT',
87 silly get     'x-cache-hits': '2',
87 silly get     'x-timer': 'S1431290905.980722,VS0,VE0',
87 silly get     vary: 'Accept' } ]
88 verbose get saving gulp to /home/paweltar/.npm/registry.npmjs.org/gulp/.cache.json
89 silly addNameRange number 2 { name: 'gulp', range: '*', hasData: true }
90 silly addNameRange versions [ 'gulp',
90 silly addNameRange   [ '0.0.1',
90 silly addNameRange     '0.0.2',
90 silly addNameRange     '0.0.3',
90 silly addNameRange     '0.0.4',
90 silly addNameRange     '0.0.5',
90 silly addNameRange     '0.0.7',
90 silly addNameRange     '0.0.8',
90 silly addNameRange     '0.0.9',
90 silly addNameRange     '0.1.0',
90 silly addNameRange     '0.2.0',
90 silly addNameRange     '1.0.0',
90 silly addNameRange     '1.1.0',
90 silly addNameRange     '1.2.0',
90 silly addNameRange     '1.2.1',
90 silly addNameRange     '2.0.0',
90 silly addNameRange     '2.0.1',
90 silly addNameRange     '2.1.0',
90 silly addNameRange     '2.2.0',
90 silly addNameRange     '2.3.0',
90 silly addNameRange     '2.4.0',
90 silly addNameRange     '2.4.1',
90 silly addNameRange     '2.6.0',
90 silly addNameRange     '2.6.1',
90 silly addNameRange     '2.7.0',
90 silly addNameRange     '3.0.0',
90 silly addNameRange     '3.1.1',
90 silly addNameRange     '3.1.2',
90 silly addNameRange     '3.1.3',
90 silly addNameRange     '3.1.4',
90 silly addNameRange     '3.2.0',
90 silly addNameRange     '3.2.1',
90 silly addNameRange     '3.2.2',
90 silly addNameRange     '3.2.3',
90 silly addNameRange     '3.2.4',
90 silly addNameRange     '3.2.5',
90 silly addNameRange     '3.3.0',
90 silly addNameRange     '3.3.1',
90 silly addNameRange     '3.3.2',
90 silly addNameRange     '3.3.4',
90 silly addNameRange     '3.4.0',
90 silly addNameRange     '3.5.0',
90 silly addNameRange     '3.5.1',
90 silly addNameRange     '3.5.2',
90 silly addNameRange     '3.5.5',
90 silly addNameRange     '3.5.6',
90 silly addNameRange     '3.6.0',
90 silly addNameRange     '3.6.1',
90 silly addNameRange     '3.6.2',
90 silly addNameRange     '3.7.0',
90 silly addNameRange     '3.8.0',
90 silly addNameRange     '3.8.1',
90 silly addNameRange     '3.8.2',
90 silly addNameRange     '3.8.3',
90 silly addNameRange     '3.8.4',
90 silly addNameRange     '3.8.5',
90 silly addNameRange     '3.8.6',
90 silly addNameRange     '3.8.7',
90 silly addNameRange     '3.8.8',
90 silly addNameRange     '3.8.9',
90 silly addNameRange     '3.8.10',
90 silly addNameRange     '3.8.11' ] ]
91 silly addNamed gulp@3.8.11
92 verbose addNamed "3.8.11" is a plain semver version for gulp
93 silly mapToRegistry name gulp
94 silly mapToRegistry using default registry
95 silly mapToRegistry registry https://registry.npmjs.org/
96 silly mapToRegistry uri https://registry.npmjs.org/gulp
97 verbose addRemoteTarball https://registry.npmjs.org/gulp/-/gulp-3.8.11.tgz not in flight; adding
98 verbose addRemoteTarball [ 'https://registry.npmjs.org/gulp/-/gulp-3.8.11.tgz',
98 verbose addRemoteTarball   'd557e0a7283eb4136491969b0497767972f1d28a' ]
99 info retry fetch attempt 1 at 22:48:25
100 info attempt registry request try #1 at 22:48:25
101 http fetch GET https://registry.npmjs.org/gulp/-/gulp-3.8.11.tgz
102 http fetch 200 https://registry.npmjs.org/foundation-cli/-/foundation-cli-1.1.1.tgz
103 silly fetchAndShaCheck shasum 7fad96a44a73bcd3e00f7f7e8e4562231b546544
104 verbose addTmpTarball /tmp/npm-23260-464fc95d/registry.npmjs.org/foundation-cli/-/foundation-cli-1.1.1.tgz not in flight; adding
105 verbose addTmpTarball already have metadata; skipping unpack for foundation-cli@1.1.1
106 silly cache afterAdd foundation-cli@1.1.1
107 verbose afterAdd /home/paweltar/.npm/foundation-cli/1.1.1/package/package.json not in flight; writing
108 verbose afterAdd /home/paweltar/.npm/foundation-cli/1.1.1/package/package.json written
109 http fetch 200 https://registry.npmjs.org/gulp/-/gulp-3.8.11.tgz
110 silly fetchAndShaCheck shasum d557e0a7283eb4136491969b0497767972f1d28a
111 verbose addTmpTarball /tmp/npm-23260-464fc95d/registry.npmjs.org/gulp/-/gulp-3.8.11.tgz not in flight; adding
112 verbose addTmpTarball already have metadata; skipping unpack for gulp@3.8.11
113 silly cache afterAdd gulp@3.8.11
114 verbose afterAdd /home/paweltar/.npm/gulp/3.8.11/package/package.json not in flight; writing
115 verbose afterAdd /home/paweltar/.npm/gulp/3.8.11/package/package.json written
116 silly fetchAndShaCheck shasum a18be39d030792754f30f1c5b32d37b0156ba8dd
117 verbose addTmpTarball /tmp/npm-23260-464fc95d/registry.npmjs.org/bower/-/bower-1.4.1.tgz not in flight; adding
118 verbose addTmpTarball already have metadata; skipping unpack for bower@1.4.1
119 silly cache afterAdd bower@1.4.1
120 verbose afterAdd /home/paweltar/.npm/bower/1.4.1/package/package.json not in flight; writing
121 verbose afterAdd /home/paweltar/.npm/bower/1.4.1/package/package.json written
122 silly install resolved [ { name: 'foundation-cli',
122 silly install resolved     version: '1.1.1',
122 silly install resolved     description: 'Command-line interface for Foundation for Apps.',
122 silly install resolved     author: { name: 'ZURB' },
122 silly install resolved     main: 'lib/index.js',
122 silly install resolved     bin: { 'foundation-apps': './bin/cli.js' },
122 silly install resolved     dependencies:
122 silly install resolved      { async: '^0.9.0',
122 silly install resolved        bower: '^1.3.12',
122 silly install resolved        colors: '^1.0.3',
122 silly install resolved        exec: '^0.1.2',
122 silly install resolved        'is-root': '^1.0.0',
122 silly install resolved        nopt: '^3.0.1',
122 silly install resolved        npm: '^2.1.12',
122 silly install resolved        open: '0.0.5',
122 silly install resolved        rimraf: '^2.2.8',
122 silly install resolved        semver: '^4.3.0',
122 silly install resolved        'string-length': '^1.0.0',
122 silly install resolved        'update-notifier': '^0.2.2',
122 silly install resolved        which: '^1.0.8' },
122 silly install resolved     repository: { type: 'git', url: 'https://github.com/zurb/foundation-cli' },
122 silly install resolved     bugs: { url: 'https://github.com/zurb/foundation-cli/issues' },
122 silly install resolved     scripts:
122 silly install resolved      { postinstall: 'node lib/welcome.js',
122 silly install resolved        test: 'node bin/cli.js new test --debug' },
122 silly install resolved     preferGlobal: true,
122 silly install resolved     engines: { node: '>=0.10.33' },
122 silly install resolved     license: 'MIT',
122 silly install resolved     gitHead: '7fef13ec82e2454cbcbcf986dc55cc6efa05477e',
122 silly install resolved     homepage: 'https://github.com/zurb/foundation-cli',
122 silly install resolved     _id: 'foundation-cli@1.1.1',
122 silly install resolved     _shasum: '7fad96a44a73bcd3e00f7f7e8e4562231b546544',
122 silly install resolved     _from: 'foundation-cli@*',
122 silly install resolved     _npmVersion: '1.4.28',
122 silly install resolved     _npmUser: { name: 'gakimball', email: 'geoff@zurb.com' },
122 silly install resolved     maintainers: [ [Object], [Object] ],
122 silly install resolved     dist:
122 silly install resolved      { shasum: '7fad96a44a73bcd3e00f7f7e8e4562231b546544',
122 silly install resolved        tarball: 'http://registry.npmjs.org/foundation-cli/-/foundation-cli-1.1.1.tgz' },
122 silly install resolved     directories: {},
122 silly install resolved     _resolved: 'https://registry.npmjs.org/foundation-cli/-/foundation-cli-1.1.1.tgz' },
122 silly install resolved   { name: 'gulp',
122 silly install resolved     description: 'The streaming build system',
122 silly install resolved     version: '3.8.11',
122 silly install resolved     homepage: 'http://gulpjs.com',
122 silly install resolved     repository: { type: 'git', url: 'https://github.com/gulpjs/gulp' },
122 silly install resolved     author:
122 silly install resolved      { name: 'Fractal',
122 silly install resolved        email: 'contact@wearefractal.com',
122 silly install resolved        url: 'http://wearefractal.com/' },
122 silly install resolved     tags: [ 'build', 'stream', 'system', 'make', 'tool', 'asset', 'pipeline' ],
122 silly install resolved     files: [ 'index.js', 'lib', 'bin', 'completion' ],
122 silly install resolved     bin: { gulp: './bin/gulp.js' },
122 silly install resolved     man: [ 'gulp.1' ],
122 silly install resolved     dependencies:
122 silly install resolved      { archy: '^1.0.0',
122 silly install resolved        chalk: '^0.5.0',
122 silly install resolved        deprecated: '^0.0.1',
122 silly install resolved        'gulp-util': '^3.0.0',
122 silly install resolved        interpret: '^0.3.2',
122 silly install resolved        liftoff: '^2.0.1',
122 silly install resolved        minimist: '^1.1.0',
122 silly install resolved        orchestrator: '^0.3.0',
122 silly install resolved        'pretty-hrtime': '^0.2.0',
122 silly install resolved        semver: '^4.1.0',
122 silly install resolved        tildify: '^1.0.0',
122 silly install resolved        v8flags: '^2.0.2',
122 silly install resolved        'vinyl-fs': '^0.3.0' },
122 silly install resolved     devDependencies:
122 silly install resolved      { coveralls: '^2.7.0',
122 silly install resolved        'graceful-fs': '^3.0.0',
122 silly install resolved        istanbul: '^0.3.0',
122 silly install resolved        jshint: '^2.5.0',
122 silly install resolved        'jshint-stylish': '^1.0.0',
122 silly install resolved        'marked-man': '^0.1.3',
122 silly install resolved        mkdirp: '^0.5.0',
122 silly install resolved        mocha: '^2.0.1',
122 silly install resolved        'mocha-lcov-reporter': '^0.0.1',
122 silly install resolved        q: '^1.0.0',
122 silly install resolved        rimraf: '^2.2.5',
122 silly install resolved        should: '^4.0.0' },
122 silly install resolved     scripts:
122 silly install resolved      { prepublish: 'marked-man --name gulp docs/CLI.md > gulp.1',
122 silly install resolved        lint: 'jshint lib bin index.js --reporter node_modules/jshint-stylish/stylish.js --exclude node_modules',
122 silly install resolved        test: 'npm run-script lint && mocha --reporter spec',
122 silly install resolved        coveralls: 'istanbul cover _mocha --report lcovonly -- -R spec && cat ./coverage/lcov.info | coveralls && rm -rf ./coverage' },
122 silly install resolved     engineStrict: true,
122 silly install resolved     engines: { node: '>= 0.9' },
122 silly install resolved     licenses: [ [Object] ],
122 silly install resolved     gitHead: '84df40b0faabc2b61d576154fd1145e2146377ca',
122 silly install resolved     bugs: { url: 'https://github.com/gulpjs/gulp/issues' },
122 silly install resolved     _id: 'gulp@3.8.11',
122 silly install resolved     _shasum: 'd557e0a7283eb4136491969b0497767972f1d28a',
122 silly install resolved     _from: 'gulp@*',
122 silly install resolved     _npmVersion: '2.5.1',
122 silly install resolved     _nodeVersion: '0.12.0',
122 silly install resolved     _npmUser: { name: 'phated', email: 'blaine@iceddev.com' },
122 silly install resolved     maintainers: [ [Object], [Object] ],
122 silly install resolved     dist:
122 silly install resolved      { shasum: 'd557e0a7283eb4136491969b0497767972f1d28a',
122 silly install resolved        tarball: 'http://registry.npmjs.org/gulp/-/gulp-3.8.11.tgz' },
122 silly install resolved     directories: {},
122 silly install resolved     _resolved: 'https://registry.npmjs.org/gulp/-/gulp-3.8.11.tgz' },
122 silly install resolved   { name: 'bower',
122 silly install resolved     version: '1.4.1',
122 silly install resolved     description: 'The browser package manager',
122 silly install resolved     author: { name: 'Twitter' },
122 silly install resolved     licenses: [ [Object] ],
122 silly install resolved     repository: { type: 'git', url: 'https://github.com/bower/bower' },
122 silly install resolved     main: 'lib',
122 silly install resolved     homepage: 'http://bower.io',
122 silly install resolved     engines: { node: '>=0.10.0' },
122 silly install resolved     dependencies:
122 silly install resolved      { abbrev: '^1.0.5',
122 silly install resolved        archy: '1.0.0',
122 silly install resolved        'bower-config': '^0.6.1',
122 silly install resolved        'bower-endpoint-parser': '^0.2.2',
122 silly install resolved        'bower-json': '^0.4.0',
122 silly install resolved        'bower-logger': '^0.2.2',
122 silly install resolved        'bower-registry-client': '^0.3.0',
122 silly install resolved        cardinal: '0.4.4',
122 silly install resolved        chalk: '^1.0.0',
122 silly install resolved        chmodr: '0.1.0',
122 silly install resolved        configstore: '^0.3.2',
122 silly install resolved        'decompress-zip': '^0.1.0',
122 silly install resolved        fstream: '^1.0.3',
122 silly install resolved        'fstream-ignore': '^1.0.2',
122 silly install resolved        github: '^0.2.3',
122 silly install resolved        glob: '^4.3.2',
122 silly install resolved        'graceful-fs': '^3.0.5',
122 silly install resolved        handlebars: '^2.0.0',
122 silly install resolved        inquirer: '0.8.0',
122 silly install resolved        insight: '^0.5.0',
122 silly install resolved        'is-root': '^1.0.0',
122 silly install resolved        junk: '^1.0.0',
122 silly install resolved        lockfile: '^1.0.0',
122 silly install resolved        'lru-cache': '^2.5.0',
122 silly install resolved        mkdirp: '0.5.0',
122 silly install resolved        mout: '^0.11.0',
122 silly install resolved        nopt: '^3.0.1',
122 silly install resolved        opn: '^1.0.1',
122 silly install resolved        'p-throttler': '0.1.1',
122 silly install resolved        promptly: '0.2.0',
122 silly install resolved        q: '^1.1.2',
122 silly install resolved        request: '2.53.0',
122 silly install resolved        'request-progress': '0.3.1',
122 silly install resolved        retry: '0.6.1',
122 silly install resolved        rimraf: '^2.2.8',
122 silly install resolved        semver: '^2.3.0',
122 silly install resolved        'shell-quote': '^1.4.2',
122 silly install resolved        'stringify-object': '^1.0.0',
122 silly install resolved        'tar-fs': '^1.4.1',
122 silly install resolved        tmp: '0.0.24',
122 silly install resolved        'update-notifier': '^0.3.0',
122 silly install resolved        'user-home': '^1.1.0',
122 silly install resolved        which: '^1.0.8' },
122 silly install resolved     devDependencies:
122 silly install resolved      { chai: '^1.10.0',
122 silly install resolved        coveralls: '^2.11.2',
122 silly install resolved        'expect.js': '^0.3.1',
122 silly install resolved        grunt: '^0.4.5',
122 silly install resolved        'grunt-cli': '^0.1.13',
122 silly install resolved        'grunt-contrib-jshint': '^0.10.0',
122 silly install resolved        'grunt-contrib-watch': '^0.6.1',
122 silly install resolved        'grunt-exec': '^0.4.6',
122 silly install resolved        'grunt-simple-mocha': '^0.4.0',
122 silly install resolved        istanbul: '^0.3.5',
122 silly install resolved        'load-grunt-tasks': '^2.0.0',
122 silly install resolved        mocha: '^2.1.0',
122 silly install resolved        multiline: '^1.0.2',
122 silly install resolved        nock: '^0.56.0',
122 silly install resolved        'node-uuid': '^1.4.2',
122 silly install resolved        proxyquire: '^1.3.0',
122 silly install resolved        'spawn-sync': '^1.0.5' },
122 silly install resolved     scripts: { test: 'grunt test' },
122 silly install resolved     bin: { bower: 'bin/bower' },
122 silly install resolved     preferGlobal: true,
122 silly install resolved     gitHead: 'a1287416d40f944d58cb8f2e774e2076bfffd32f',
122 silly install resolved     bugs: { url: 'https://github.com/bower/bower/issues' },
122 silly install resolved     _id: 'bower@1.4.1',
122 silly install resolved     _shasum: 'a18be39d030792754f30f1c5b32d37b0156ba8dd',
122 silly install resolved     _from: 'bower@*',
122 silly install resolved     _npmVersion: '2.7.4',
122 silly install resolved     _nodeVersion: '0.12.0',
122 silly install resolved     _npmUser: { name: 'sheerun', email: 'sheerun@sher.pl' },
122 silly install resolved     maintainers: [ [Object], [Object], [Object], [Object], [Object], [Object] ],
122 silly install resolved     dist:
122 silly install resolved      { shasum: 'a18be39d030792754f30f1c5b32d37b0156ba8dd',
122 silly install resolved        tarball: 'http://registry.npmjs.org/bower/-/bower-1.4.1.tgz' },
122 silly install resolved     directories: {},
122 silly install resolved     _resolved: 'https://registry.npmjs.org/bower/-/bower-1.4.1.tgz' } ]
123 info install foundation-cli@1.1.1 into /usr/lib
124 info install gulp@3.8.11 into /usr/lib
125 info install bower@1.4.1 into /usr/lib
126 info installOne foundation-cli@1.1.1
127 verbose installOne of foundation-cli to /usr/lib not in flight; installing
128 info installOne gulp@3.8.11
129 verbose installOne of gulp to /usr/lib not in flight; installing
130 info installOne bower@1.4.1
131 verbose installOne of bower to /usr/lib not in flight; installing
132 verbose lock using /home/paweltar/.npm/_locks/foundation-cli-21fbdbe5dc5f8b14.lock for /usr/lib/node_modules/foundation-cli
133 verbose lock using /home/paweltar/.npm/_locks/gulp-3f670245b9c8bfc5.lock for /usr/lib/node_modules/gulp
134 verbose lock using /home/paweltar/.npm/_locks/bower-f46d670cb56ecd4d.lock for /usr/lib/node_modules/bower
135 silly install write writing foundation-cli 1.1.1 to /usr/lib/node_modules/foundation-cli
136 silly install write writing gulp 3.8.11 to /usr/lib/node_modules/gulp
137 silly install write writing bower 1.4.1 to /usr/lib/node_modules/bower
138 verbose unbuild lib/node_modules/gulp
139 verbose unbuild lib/node_modules/foundation-cli
140 verbose unbuild lib/node_modules/bower
141 silly gentlyRm /usr/lib/node_modules/gulp is being purged from base /usr
142 verbose gentlyRm don't care about contents; nuking /usr/lib/node_modules/gulp
143 silly gentlyRm /usr/lib/node_modules/foundation-cli is being purged from base /usr
144 verbose gentlyRm don't care about contents; nuking /usr/lib/node_modules/foundation-cli
145 silly gentlyRm /usr/lib/node_modules/bower is being purged from base /usr
146 verbose gentlyRm don't care about contents; nuking /usr/lib/node_modules/bower
147 verbose tar unpack /home/paweltar/.npm/gulp/3.8.11/package.tgz
148 verbose tar unpacking to /usr/lib/node_modules/gulp
149 silly gentlyRm /usr/lib/node_modules/gulp is being purged
150 verbose gentlyRm don't care about contents; nuking /usr/lib/node_modules/gulp
151 verbose tar unpack /home/paweltar/.npm/foundation-cli/1.1.1/package.tgz
152 verbose tar unpacking to /usr/lib/node_modules/foundation-cli
153 silly gentlyRm /usr/lib/node_modules/foundation-cli is being purged
154 verbose gentlyRm don't care about contents; nuking /usr/lib/node_modules/foundation-cli
155 verbose tar unpack /home/paweltar/.npm/bower/1.4.1/package.tgz
156 verbose tar unpacking to /usr/lib/node_modules/bower
157 silly gentlyRm /usr/lib/node_modules/bower is being purged
158 verbose gentlyRm don't care about contents; nuking /usr/lib/node_modules/bower
159 silly gunzTarPerm modes [ '775', '664' ]
160 silly gunzTarPerm modes [ '775', '664' ]
161 silly gunzTarPerm modes [ '775', '664' ]
162 error tar.unpack untar error /home/paweltar/.npm/gulp/3.8.11/package.tgz
163 error tar.unpack untar error /home/paweltar/.npm/foundation-cli/1.1.1/package.tgz
164 error tar.unpack untar error /home/paweltar/.npm/bower/1.4.1/package.tgz
165 verbose unlock done using /home/paweltar/.npm/_locks/gulp-3f670245b9c8bfc5.lock for /usr/lib/node_modules/gulp
166 verbose unlock done using /home/paweltar/.npm/_locks/foundation-cli-21fbdbe5dc5f8b14.lock for /usr/lib/node_modules/foundation-cli
167 verbose unlock done using /home/paweltar/.npm/_locks/bower-f46d670cb56ecd4d.lock for /usr/lib/node_modules/bower
168 verbose fstream_path /usr/lib/node_modules/gulp
169 verbose fstream_type Directory
170 verbose fstream_class DirWriter
171 verbose stack Error: EACCES, mkdir '/usr/lib/node_modules/gulp'
172 verbose fstream_stack /usr/lib/node_modules/npm/node_modules/fstream/lib/dir-writer.js:36:23
172 verbose fstream_stack /usr/lib/node_modules/npm/node_modules/mkdirp/index.js:46:53
172 verbose fstream_stack Object.oncomplete (fs.js:108:15)
173 verbose cwd /home/paweltar/Projekty/12in12/notebook-app
174 error Linux 3.16.0-37-generic
175 error argv "node" "/usr/bin/npm" "install" "-g" "foundation-cli" "bower" "gulp"
176 error node v0.10.37
177 error npm  v2.8.3
178 error path /usr/lib/node_modules/gulp
179 error code EACCES
180 error errno 3
181 error Error: EACCES, mkdir '/usr/lib/node_modules/gulp'
181 error  { [Error: EACCES, mkdir '/usr/lib/node_modules/gulp']
181 error   errno: 3,
181 error   code: 'EACCES',
181 error   path: '/usr/lib/node_modules/gulp',
181 error   fstream_type: 'Directory',
181 error   fstream_path: '/usr/lib/node_modules/gulp',
181 error   fstream_class: 'DirWriter',
181 error   fstream_stack:
181 error    [ '/usr/lib/node_modules/npm/node_modules/fstream/lib/dir-writer.js:36:23',
181 error      '/usr/lib/node_modules/npm/node_modules/mkdirp/index.js:46:53',
181 error      'Object.oncomplete (fs.js:108:15)' ] }
182 error Please try running this command again as root/Administrator.
183 verbose exit [ 3, true ]
184 verbose unbuild lib/node_modules/gulp
185 silly gentlyRm /usr/lib/node_modules/gulp is being purged from base /usr
186 verbose gentlyRm don't care about contents; nuking /usr/lib/node_modules/gulp
187 verbose unbuild lib/node_modules/foundation-cli
188 silly gentlyRm /usr/lib/node_modules/foundation-cli is being purged from base /usr
189 verbose gentlyRm don't care about contents; nuking /usr/lib/node_modules/foundation-cli
190 verbose unbuild lib/node_modules/bower
191 silly gentlyRm /usr/lib/node_modules/bower is being purged from base /usr
192 verbose gentlyRm don't care about contents; nuking /usr/lib/node_modules/bower
